
  You can now view your Streamlit app in your browser.

  Local URL: http://localhost:8503
  Network URL: http://172.18.20.155:8503

  For better performance, install the Watchdog module:

  $ xcode-select --install
  $ pip install watchdog
            
findfont: Generic family 'sans-serif' not found because none of the following families were found: SimHei
findfont: Generic family 'sans-serif' not found because none of the following families were found: SimHei
findfont: Generic family 'sans-serif' not found because none of the following families were found: SimHei
findfont: Generic family 'sans-serif' not found because none of the following families were found: SimHei
findfont: Generic family 'sans-serif' not found because none of the following families were found: SimHei
findfont: Generic family 'sans-serif' not found because none of the following families were found: SimHei
findfont: Generic family 'sans-serif' not found because none of the following families were found: SimHei
findfont: Generic family 'sans-serif' not found because none of the following families were found: SimHei
findfont: Generic family 'sans-serif' not found because none of the following families were found: SimHei
findfont: Generic family 'sans-serif' not found because none of the following families were found: SimHei
findfont: Generic family 'sans-serif' not found because none of the following families were found: SimHei
/opt/anaconda3/envs/py310/lib/python3.10/site-packages/streamlit/elements/pyplot.py:176: UserWarning: Glyph 32858 (\N{CJK UNIFIED IDEOGRAPH-805A}) missing from font(s) DejaVu Sans.
  fig.savefig(image, **kwargs)
/opt/anaconda3/envs/py310/lib/python3.10/site-packages/streamlit/elements/pyplot.py:176: UserWarning: Glyph 31867 (\N{CJK UNIFIED IDEOGRAPH-7C7B}) missing from font(s) DejaVu Sans.
  fig.savefig(image, **kwargs)
/opt/anaconda3/envs/py310/lib/python3.10/site-packages/streamlit/elements/pyplot.py:176: UserWarning: Glyph 21069 (\N{CJK UNIFIED IDEOGRAPH-524D}) missing from font(s) DejaVu Sans.
  fig.savefig(image, **kwargs)
/opt/anaconda3/envs/py310/lib/python3.10/site-packages/streamlit/elements/pyplot.py:176: UserWarning: Glyph 23454 (\N{CJK UNIFIED IDEOGRAPH-5B9E}) missing from font(s) DejaVu Sans.
  fig.savefig(image, **kwargs)
/opt/anaconda3/envs/py310/lib/python3.10/site-packages/streamlit/elements/pyplot.py:176: UserWarning: Glyph 20307 (\N{CJK UNIFIED IDEOGRAPH-4F53}) missing from font(s) DejaVu Sans.
  fig.savefig(image, **kwargs)
/opt/anaconda3/envs/py310/lib/python3.10/site-packages/streamlit/elements/pyplot.py:176: UserWarning: Glyph 20998 (\N{CJK UNIFIED IDEOGRAPH-5206}) missing from font(s) DejaVu Sans.
  fig.savefig(image, **kwargs)
/opt/anaconda3/envs/py310/lib/python3.10/site-packages/streamlit/elements/pyplot.py:176: UserWarning: Glyph 24067 (\N{CJK UNIFIED IDEOGRAPH-5E03}) missing from font(s) DejaVu Sans.
  fig.savefig(image, **kwargs)
/opt/anaconda3/envs/py310/lib/python3.10/site-packages/streamlit/elements/pyplot.py:176: UserWarning: Glyph 25968 (\N{CJK UNIFIED IDEOGRAPH-6570}) missing from font(s) DejaVu Sans.
  fig.savefig(image, **kwargs)
/opt/anaconda3/envs/py310/lib/python3.10/site-packages/streamlit/elements/pyplot.py:176: UserWarning: Glyph 37327 (\N{CJK UNIFIED IDEOGRAPH-91CF}) missing from font(s) DejaVu Sans.
  fig.savefig(image, **kwargs)
findfont: Generic family 'sans-serif' not found because none of the following families were found: SimHei
findfont: Generic family 'sans-serif' not found because none of the following families were found: SimHei
findfont: Generic family 'sans-serif' not found because none of the following families were found: SimHei
findfont: Generic family 'sans-serif' not found because none of the following families were found: SimHei
findfont: Generic family 'sans-serif' not found because none of the following families were found: SimHei
findfont: Generic family 'sans-serif' not found because none of the following families were found: SimHei
findfont: Generic family 'sans-serif' not found because none of the following families were found: SimHei
findfont: Generic family 'sans-serif' not found because none of the following families were found: SimHei
findfont: Generic family 'sans-serif' not found because none of the following families were found: SimHei
findfont: Generic family 'sans-serif' not found because none of the following families were found: SimHei
findfont: Generic family 'sans-serif' not found because none of the following families were found: SimHei
findfont: Generic family 'sans-serif' not found because none of the following families were found: SimHei
findfont: Generic family 'sans-serif' not found because none of the following families were found: SimHei
findfont: Generic family 'sans-serif' not found because none of the following families were found: SimHei
findfont: Generic family 'sans-serif' not found because none of the following families were found: SimHei
findfont: Generic family 'sans-serif' not found because none of the following families were found: SimHei
findfont: Generic family 'sans-serif' not found because none of the following families were found: SimHei
findfont: Generic family 'sans-serif' not found because none of the following families were found: SimHei
findfont: Generic family 'sans-serif' not found because none of the following families were found: SimHei
findfont: Generic family 'sans-serif' not found because none of the following families were found: SimHei
findfont: Generic family 'sans-serif' not found because none of the following families were found: SimHei
findfont: Generic family 'sans-serif' not found because none of the following families were found: SimHei
findfont: Generic family 'sans-serif' not found because none of the following families were found: SimHei
findfont: Generic family 'sans-serif' not found because none of the following families were found: SimHei
findfont: Generic family 'sans-serif' not found because none of the following families were found: SimHei
findfont: Generic family 'sans-serif' not found because none of the following families were found: SimHei
findfont: Generic family 'sans-serif' not found because none of the following families were found: SimHei
findfont: Generic family 'sans-serif' not found because none of the following families were found: SimHei
findfont: Generic family 'sans-serif' not found because none of the following families were found: SimHei
findfont: Generic family 'sans-serif' not found because none of the following families were found: SimHei
findfont: Generic family 'sans-serif' not found because none of the following families were found: SimHei
findfont: Generic family 'sans-serif' not found because none of the following families were found: SimHei
findfont: Generic family 'sans-serif' not found because none of the following families were found: SimHei
findfont: Generic family 'sans-serif' not found because none of the following families were found: SimHei
findfont: Generic family 'sans-serif' not found because none of the following families were found: SimHei
findfont: Generic family 'sans-serif' not found because none of the following families were found: SimHei
findfont: Generic family 'sans-serif' not found because none of the following families were found: SimHei
findfont: Generic family 'sans-serif' not found because none of the following families were found: SimHei
findfont: Generic family 'sans-serif' not found because none of the following families were found: SimHei
findfont: Generic family 'sans-serif' not found because none of the following families were found: SimHei
findfont: Generic family 'sans-serif' not found because none of the following families were found: SimHei
findfont: Generic family 'sans-serif' not found because none of the following families were found: SimHei
findfont: Generic family 'sans-serif' not found because none of the following families were found: SimHei
findfont: Generic family 'sans-serif' not found because none of the following families were found: SimHei
findfont: Generic family 'sans-serif' not found because none of the following families were found: SimHei
findfont: Generic family 'sans-serif' not found because none of the following families were found: SimHei
findfont: Generic family 'sans-serif' not found because none of the following families were found: SimHei
findfont: Generic family 'sans-serif' not found because none of the following families were found: SimHei
findfont: Generic family 'sans-serif' not found because none of the following families were found: SimHei
findfont: Generic family 'sans-serif' not found because none of the following families were found: SimHei
findfont: Generic family 'sans-serif' not found because none of the following families were found: SimHei
findfont: Generic family 'sans-serif' not found because none of the following families were found: SimHei
findfont: Generic family 'sans-serif' not found because none of the following families were found: SimHei
findfont: Generic family 'sans-serif' not found because none of the following families were found: SimHei
findfont: Generic family 'sans-serif' not found because none of the following families were found: SimHei
findfont: Generic family 'sans-serif' not found because none of the following families were found: SimHei
findfont: Generic family 'sans-serif' not found because none of the following families were found: SimHei
findfont: Generic family 'sans-serif' not found because none of the following families were found: SimHei
findfont: Generic family 'sans-serif' not found because none of the following families were found: SimHei
findfont: Generic family 'sans-serif' not found because none of the following families were found: SimHei
findfont: Generic family 'sans-serif' not found because none of the following families were found: SimHei
/opt/anaconda3/envs/py310/lib/python3.10/site-packages/streamlit/elements/pyplot.py:176: UserWarning: Glyph 21518 (\N{CJK UNIFIED IDEOGRAPH-540E}) missing from font(s) DejaVu Sans.
  fig.savefig(image, **kwargs)
findfont: Generic family 'sans-serif' not found because none of the following families were found: SimHei
findfont: Generic family 'sans-serif' not found because none of the following families were found: SimHei
findfont: Generic family 'sans-serif' not found because none of the following families were found: SimHei
findfont: Generic family 'sans-serif' not found because none of the following families were found: SimHei
findfont: Generic family 'sans-serif' not found because none of the following families were found: SimHei
findfont: Generic family 'sans-serif' not found because none of the following families were found: SimHei
findfont: Generic family 'sans-serif' not found because none of the following families were found: SimHei
findfont: Generic family 'sans-serif' not found because none of the following families were found: SimHei
findfont: Generic family 'sans-serif' not found because none of the following families were found: SimHei
findfont: Generic family 'sans-serif' not found because none of the following families were found: SimHei
findfont: Generic family 'sans-serif' not found because none of the following families were found: SimHei
findfont: Generic family 'sans-serif' not found because none of the following families were found: SimHei
findfont: Generic family 'sans-serif' not found because none of the following families were found: SimHei
findfont: Generic family 'sans-serif' not found because none of the following families were found: SimHei
findfont: Generic family 'sans-serif' not found because none of the following families were found: SimHei
findfont: Generic family 'sans-serif' not found because none of the following families were found: SimHei
findfont: Generic family 'sans-serif' not found because none of the following families were found: SimHei
findfont: Generic family 'sans-serif' not found because none of the following families were found: SimHei
findfont: Generic family 'sans-serif' not found because none of the following families were found: SimHei
findfont: Generic family 'sans-serif' not found because none of the following families were found: SimHei
findfont: Generic family 'sans-serif' not found because none of the following families were found: SimHei
findfont: Generic family 'sans-serif' not found because none of the following families were found: SimHei
findfont: Generic family 'sans-serif' not found because none of the following families were found: SimHei
findfont: Generic family 'sans-serif' not found because none of the following families were found: SimHei
findfont: Generic family 'sans-serif' not found because none of the following families were found: SimHei
findfont: Generic family 'sans-serif' not found because none of the following families were found: SimHei
findfont: Generic family 'sans-serif' not found because none of the following families were found: SimHei
findfont: Generic family 'sans-serif' not found because none of the following families were found: SimHei
findfont: Generic family 'sans-serif' not found because none of the following families were found: SimHei
findfont: Generic family 'sans-serif' not found because none of the following families were found: SimHei
findfont: Generic family 'sans-serif' not found because none of the following families were found: SimHei
findfont: Generic family 'sans-serif' not found because none of the following families were found: SimHei
findfont: Generic family 'sans-serif' not found because none of the following families were found: SimHei
findfont: Generic family 'sans-serif' not found because none of the following families were found: SimHei
findfont: Generic family 'sans-serif' not found because none of the following families were found: SimHei
findfont: Generic family 'sans-serif' not found because none of the following families were found: SimHei
findfont: Generic family 'sans-serif' not found because none of the following families were found: SimHei
findfont: Generic family 'sans-serif' not found because none of the following families were found: SimHei
findfont: Generic family 'sans-serif' not found because none of the following families were found: SimHei
findfont: Generic family 'sans-serif' not found because none of the following families were found: SimHei
findfont: Generic family 'sans-serif' not found because none of the following families were found: SimHei
findfont: Generic family 'sans-serif' not found because none of the following families were found: SimHei
findfont: Generic family 'sans-serif' not found because none of the following families were found: SimHei
findfont: Generic family 'sans-serif' not found because none of the following families were found: SimHei
findfont: Generic family 'sans-serif' not found because none of the following families were found: SimHei
findfont: Generic family 'sans-serif' not found because none of the following families were found: SimHei
findfont: Generic family 'sans-serif' not found because none of the following families were found: SimHei
findfont: Generic family 'sans-serif' not found because none of the following families were found: SimHei
findfont: Generic family 'sans-serif' not found because none of the following families were found: SimHei
findfont: Generic family 'sans-serif' not found because none of the following families were found: SimHei
findfont: Generic family 'sans-serif' not found because none of the following families were found: SimHei
findfont: Generic family 'sans-serif' not found because none of the following families were found: SimHei
findfont: Generic family 'sans-serif' not found because none of the following families were found: SimHei
findfont: Generic family 'sans-serif' not found because none of the following families were found: SimHei
findfont: Generic family 'sans-serif' not found because none of the following families were found: SimHei
findfont: Generic family 'sans-serif' not found because none of the following families were found: SimHei
findfont: Generic family 'sans-serif' not found because none of the following families were found: SimHei
findfont: Generic family 'sans-serif' not found because none of the following families were found: SimHei
findfont: Generic family 'sans-serif' not found because none of the following families were found: SimHei
findfont: Generic family 'sans-serif' not found because none of the following families were found: SimHei
findfont: Generic family 'sans-serif' not found because none of the following families were found: SimHei
findfont: Generic family 'sans-serif' not found because none of the following families were found: SimHei
findfont: Generic family 'sans-serif' not found because none of the following families were found: SimHei
findfont: Generic family 'sans-serif' not found because none of the following families were found: SimHei
findfont: Generic family 'sans-serif' not found because none of the following families were found: SimHei
findfont: Generic family 'sans-serif' not found because none of the following families were found: SimHei
findfont: Generic family 'sans-serif' not found because none of the following families were found: SimHei
findfont: Generic family 'sans-serif' not found because none of the following families were found: SimHei
findfont: Generic family 'sans-serif' not found because none of the following families were found: SimHei
findfont: Generic family 'sans-serif' not found because none of the following families were found: SimHei
findfont: Generic family 'sans-serif' not found because none of the following families were found: SimHei
findfont: Generic family 'sans-serif' not found because none of the following families were found: SimHei
findfont: Generic family 'sans-serif' not found because none of the following families were found: SimHei
findfont: Generic family 'sans-serif' not found because none of the following families were found: SimHei
findfont: Generic family 'sans-serif' not found because none of the following families were found: SimHei
findfont: Generic family 'sans-serif' not found because none of the following families were found: SimHei
findfont: Generic family 'sans-serif' not found because none of the following families were found: SimHei
findfont: Generic family 'sans-serif' not found because none of the following families were found: SimHei
findfont: Generic family 'sans-serif' not found because none of the following families were found: SimHei
findfont: Generic family 'sans-serif' not found because none of the following families were found: SimHei
findfont: Generic family 'sans-serif' not found because none of the following families were found: SimHei
findfont: Generic family 'sans-serif' not found because none of the following families were found: SimHei
findfont: Generic family 'sans-serif' not found because none of the following families were found: SimHei
findfont: Generic family 'sans-serif' not found because none of the following families were found: SimHei
findfont: Generic family 'sans-serif' not found because none of the following families were found: SimHei
findfont: Generic family 'sans-serif' not found because none of the following families were found: SimHei
findfont: Generic family 'sans-serif' not found because none of the following families were found: SimHei
findfont: Generic family 'sans-serif' not found because none of the following families were found: SimHei
findfont: Generic family 'sans-serif' not found because none of the following families were found: SimHei
findfont: Generic family 'sans-serif' not found because none of the following families were found: SimHei
findfont: Generic family 'sans-serif' not found because none of the following families were found: SimHei
findfont: Generic family 'sans-serif' not found because none of the following families were found: SimHei
findfont: Generic family 'sans-serif' not found because none of the following families were found: SimHei
findfont: Generic family 'sans-serif' not found because none of the following families were found: SimHei
findfont: Generic family 'sans-serif' not found because none of the following families were found: SimHei
findfont: Generic family 'sans-serif' not found because none of the following families were found: SimHei
findfont: Generic family 'sans-serif' not found because none of the following families were found: SimHei
findfont: Generic family 'sans-serif' not found because none of the following families were found: SimHei
findfont: Generic family 'sans-serif' not found because none of the following families were found: SimHei
findfont: Generic family 'sans-serif' not found because none of the following families were found: SimHei
findfont: Generic family 'sans-serif' not found because none of the following families were found: SimHei
findfont: Generic family 'sans-serif' not found because none of the following families were found: SimHei
findfont: Generic family 'sans-serif' not found because none of the following families were found: SimHei
findfont: Generic family 'sans-serif' not found because none of the following families were found: SimHei
findfont: Generic family 'sans-serif' not found because none of the following families were found: SimHei
findfont: Generic family 'sans-serif' not found because none of the following families were found: SimHei
findfont: Generic family 'sans-serif' not found because none of the following families were found: SimHei
findfont: Generic family 'sans-serif' not found because none of the following families were found: SimHei
findfont: Generic family 'sans-serif' not found because none of the following families were found: SimHei
findfont: Generic family 'sans-serif' not found because none of the following families were found: SimHei
findfont: Generic family 'sans-serif' not found because none of the following families were found: SimHei
findfont: Generic family 'sans-serif' not found because none of the following families were found: SimHei
findfont: Generic family 'sans-serif' not found because none of the following families were found: SimHei
findfont: Generic family 'sans-serif' not found because none of the following families were found: SimHei
findfont: Generic family 'sans-serif' not found because none of the following families were found: SimHei
findfont: Generic family 'sans-serif' not found because none of the following families were found: SimHei
findfont: Generic family 'sans-serif' not found because none of the following families were found: SimHei
findfont: Generic family 'sans-serif' not found because none of the following families were found: SimHei
findfont: Generic family 'sans-serif' not found because none of the following families were found: SimHei
findfont: Generic family 'sans-serif' not found because none of the following families were found: SimHei
findfont: Generic family 'sans-serif' not found because none of the following families were found: SimHei
findfont: Generic family 'sans-serif' not found because none of the following families were found: SimHei
findfont: Generic family 'sans-serif' not found because none of the following families were found: SimHei
findfont: Generic family 'sans-serif' not found because none of the following families were found: SimHei
findfont: Generic family 'sans-serif' not found because none of the following families were found: SimHei
findfont: Generic family 'sans-serif' not found because none of the following families were found: SimHei
findfont: Generic family 'sans-serif' not found because none of the following families were found: SimHei
findfont: Generic family 'sans-serif' not found because none of the following families were found: SimHei
findfont: Generic family 'sans-serif' not found because none of the following families were found: SimHei
findfont: Generic family 'sans-serif' not found because none of the following families were found: SimHei
findfont: Generic family 'sans-serif' not found because none of the following families were found: SimHei
findfont: Generic family 'sans-serif' not found because none of the following families were found: SimHei
findfont: Generic family 'sans-serif' not found because none of the following families were found: SimHei
findfont: Generic family 'sans-serif' not found because none of the following families were found: SimHei
findfont: Generic family 'sans-serif' not found because none of the following families were found: SimHei
findfont: Generic family 'sans-serif' not found because none of the following families were found: SimHei
findfont: Generic family 'sans-serif' not found because none of the following families were found: SimHei
findfont: Generic family 'sans-serif' not found because none of the following families were found: SimHei
findfont: Generic family 'sans-serif' not found because none of the following families were found: SimHei
findfont: Generic family 'sans-serif' not found because none of the following families were found: SimHei
findfont: Generic family 'sans-serif' not found because none of the following families were found: SimHei
findfont: Generic family 'sans-serif' not found because none of the following families were found: SimHei
findfont: Generic family 'sans-serif' not found because none of the following families were found: SimHei
findfont: Generic family 'sans-serif' not found because none of the following families were found: SimHei
findfont: Generic family 'sans-serif' not found because none of the following families were found: SimHei
findfont: Generic family 'sans-serif' not found because none of the following families were found: SimHei
findfont: Generic family 'sans-serif' not found because none of the following families were found: SimHei
findfont: Generic family 'sans-serif' not found because none of the following families were found: SimHei
findfont: Generic family 'sans-serif' not found because none of the following families were found: SimHei
findfont: Generic family 'sans-serif' not found because none of the following families were found: SimHei
findfont: Generic family 'sans-serif' not found because none of the following families were found: SimHei
findfont: Generic family 'sans-serif' not found because none of the following families were found: SimHei
findfont: Generic family 'sans-serif' not found because none of the following families were found: SimHei
findfont: Generic family 'sans-serif' not found because none of the following families were found: SimHei
findfont: Generic family 'sans-serif' not found because none of the following families were found: SimHei
findfont: Generic family 'sans-serif' not found because none of the following families were found: SimHei
findfont: Generic family 'sans-serif' not found because none of the following families were found: SimHei
findfont: Generic family 'sans-serif' not found because none of the following families were found: SimHei
findfont: Generic family 'sans-serif' not found because none of the following families were found: SimHei
findfont: Generic family 'sans-serif' not found because none of the following families were found: SimHei
findfont: Generic family 'sans-serif' not found because none of the following families were found: SimHei
findfont: Generic family 'sans-serif' not found because none of the following families were found: SimHei
findfont: Generic family 'sans-serif' not found because none of the following families were found: SimHei
findfont: Generic family 'sans-serif' not found because none of the following families were found: SimHei
findfont: Generic family 'sans-serif' not found because none of the following families were found: SimHei
findfont: Generic family 'sans-serif' not found because none of the following families were found: SimHei
